Arguments: 
  /usr/bin/node /usr/share/yarn/bin/yarn.js add express

PATH: 
  /usr/local/sbin:/usr/local/bin:/usr/sbin:/usr/bin:/sbin:/bin:/usr/games:/usr/local/games:/snap/bin:/home/daniel/Android/Sdk/emulator:/home/daniel/Android/Sdk/tools:/home/daniel/Android/Sdk/tools/bin:/home/daniel/Android/Sdk/platform-tools:/home/daniel/Android/Sdk/emulator:/home/daniel/Android/Sdk/tools:/home/daniel/Android/Sdk/tools/bin:/home/daniel/Android/Sdk/platform-tools

Yarn version: 
  1.22.5

Node version: 
  14.14.0

Platform: 
  linux x64

Trace: 
  Error: getaddrinfo EAI_AGAIN registry.yarnpkg.com
      at GetAddrInfoReqWrap.onlookup [as oncomplete] (dns.js:67:26)

npm manifest: 
  {
    "name": "backend",
    "version": "1.0.0",
    "main": "index.js",
    "repository": "https://github.com/danielPantalena/delivery_manager_app",
    "author": "Daniel Pantalena",
    "license": "MIT"
  }

yarn manifest: 
  No manifest

Lockfile: 
  No lockfile
